16:30:10 INFO  : Registering command handlers for SDK TCF services
16:30:11 INFO  : Launching XSCT server: xsct.bat -interactive D:\UTFPR\TCC\pothole_detector\PS_PL_COM\PS_PL_COM.sdk\temp_xsdb_launch_script.tcl
16:30:16 INFO  : XSCT server has started successfully.
16:30:16 INFO  : Successfully done setting XSCT server connection channel  
16:30:16 INFO  : Processing command line option -hwspec D:/UTFPR/TCC/pothole_detector/PS_PL_COM/PS_PL_COM.sdk/system_wrapper.hdf.
16:30:16 INFO  : Successfully done setting SDK workspace  
16:43:16 INFO  : Connected to target on host '127.0.0.1' and port '3121'.
16:43:17 INFO  : 'targets -set -filter {jtag_cable_name =~ "Digilent Zed 210248450912" && level==0} -index 1' command is executed.
16:43:19 INFO  : FPGA configured successfully with bitstream "D:/UTFPR/TCC/pothole_detector/PS_PL_COM/PS_PL_COM.sdk/system_wrapper_hw_platform_0/system_wrapper.bit"
16:44:03 INFO  : 'targets -set -filter {jtag_cable_name =~ "Digilent Zed 210248450912" && level==0} -index 1' command is executed.
16:44:03 INFO  : 'fpga -state' command is executed.
16:44:03 INFO  : Connected to target on host '127.0.0.1' and port '3121'.
16:44:03 INFO  : Jtag cable 'Digilent Zed 210248450912' is selected.
16:44:03 INFO  : 'jtag frequency' command is executed.
16:44:03 INFO  : Sourcing of 'D:/UTFPR/TCC/pothole_detector/PS_PL_COM/PS_PL_COM.sdk/system_wrapper_hw_platform_0/ps7_init.tcl' is done.
16:44:03 INFO  : Context for 'APU' is selected.
16:44:03 INFO  : Hardware design information is loaded from 'D:/UTFPR/TCC/pothole_detector/PS_PL_COM/PS_PL_COM.sdk/system_wrapper_hw_platform_0/system.hdf'.
16:44:03 INFO  : 'configparams force-mem-access 1' command is executed.
16:44:03 INFO  : Context for 'APU' is selected.
16:44:03 INFO  : 'stop' command is executed.
16:44:04 INFO  : 'ps7_init' command is executed.
16:44:04 INFO  : 'ps7_post_config' command is executed.
16:44:04 INFO  : Context for processor 'ps7_cortexa9_0' is selected.
16:44:04 INFO  : Processor reset is completed for 'ps7_cortexa9_0'.
16:44:04 INFO  : Context for processor 'ps7_cortexa9_0' is selected.
16:44:04 INFO  : The application 'D:/UTFPR/TCC/pothole_detector/PS_PL_COM/PS_PL_COM.sdk/mpu_read/Debug/mpu_read.elf' is downloaded to processor 'ps7_cortexa9_0'.
16:44:04 INFO  : 'configparams force-mem-access 0' command is executed.
16:44:04 INFO  : ----------------XSDB Script----------------
connect -url tcp:127.0.0.1:3121
source D:/UTFPR/TCC/pothole_detector/PS_PL_COM/PS_PL_COM.sdk/system_wrapper_hw_platform_0/ps7_init.tcl
targets -set -nocase -filter {name =~"APU*" && jtag_cable_name =~ "Digilent Zed 210248450912"} -index 0
loadhw -hw D:/UTFPR/TCC/pothole_detector/PS_PL_COM/PS_PL_COM.sdk/system_wrapper_hw_platform_0/system.hdf -mem-ranges [list {0x40000000 0xbfffffff}]
configparams force-mem-access 1
targets -set -nocase -filter {name =~"APU*" && jtag_cable_name =~ "Digilent Zed 210248450912"} -index 0
stop
ps7_init
ps7_post_config
targets -set -nocase -filter {name =~ "ARM*#0" && jtag_cable_name =~ "Digilent Zed 210248450912"} -index 0
rst -processor
targets -set -nocase -filter {name =~ "ARM*#0" && jtag_cable_name =~ "Digilent Zed 210248450912"} -index 0
dow D:/UTFPR/TCC/pothole_detector/PS_PL_COM/PS_PL_COM.sdk/mpu_read/Debug/mpu_read.elf
configparams force-mem-access 0
----------------End of Script----------------

16:44:04 INFO  : Context for processor 'ps7_cortexa9_0' is selected.
16:44:04 INFO  : 'con' command is executed.
16:44:04 INFO  : ----------------XSDB Script (After Launch)----------------
targets -set -nocase -filter {name =~ "ARM*#0" && jtag_cable_name =~ "Digilent Zed 210248450912"} -index 0
con
----------------End of Script----------------

16:44:04 INFO  : Disconnected from the channel tcfchan#1.
16:45:35 INFO  : 'targets -set -filter {jtag_cable_name =~ "Digilent Zed 210248450912" && level==0} -index 1' command is executed.
16:45:35 INFO  : 'fpga -state' command is executed.
16:45:35 INFO  : Connected to target on host '127.0.0.1' and port '3121'.
16:45:36 INFO  : Jtag cable 'Digilent Zed 210248450912' is selected.
16:45:36 INFO  : 'jtag frequency' command is executed.
16:45:36 INFO  : Sourcing of 'D:/UTFPR/TCC/pothole_detector/PS_PL_COM/PS_PL_COM.sdk/system_wrapper_hw_platform_0/ps7_init.tcl' is done.
16:45:36 INFO  : Context for 'APU' is selected.
16:45:39 INFO  : Hardware design information is loaded from 'D:/UTFPR/TCC/pothole_detector/PS_PL_COM/PS_PL_COM.sdk/system_wrapper_hw_platform_0/system.hdf'.
16:45:39 INFO  : 'configparams force-mem-access 1' command is executed.
16:45:39 INFO  : Context for 'APU' is selected.
16:45:39 INFO  : 'stop' command is executed.
16:45:39 INFO  : 'ps7_init' command is executed.
16:45:39 INFO  : 'ps7_post_config' command is executed.
16:45:39 INFO  : Context for processor 'ps7_cortexa9_0' is selected.
16:45:40 INFO  : Processor reset is completed for 'ps7_cortexa9_0'.
16:45:40 INFO  : Context for processor 'ps7_cortexa9_0' is selected.
16:45:40 INFO  : The application 'D:/UTFPR/TCC/pothole_detector/PS_PL_COM/PS_PL_COM.sdk/mpu_read/Debug/mpu_read.elf' is downloaded to processor 'ps7_cortexa9_0'.
16:45:40 INFO  : 'configparams force-mem-access 0' command is executed.
16:45:40 INFO  : ----------------XSDB Script----------------
connect -url tcp:127.0.0.1:3121
source D:/UTFPR/TCC/pothole_detector/PS_PL_COM/PS_PL_COM.sdk/system_wrapper_hw_platform_0/ps7_init.tcl
targets -set -nocase -filter {name =~"APU*" && jtag_cable_name =~ "Digilent Zed 210248450912"} -index 0
loadhw -hw D:/UTFPR/TCC/pothole_detector/PS_PL_COM/PS_PL_COM.sdk/system_wrapper_hw_platform_0/system.hdf -mem-ranges [list {0x40000000 0xbfffffff}]
configparams force-mem-access 1
targets -set -nocase -filter {name =~"APU*" && jtag_cable_name =~ "Digilent Zed 210248450912"} -index 0
stop
ps7_init
ps7_post_config
targets -set -nocase -filter {name =~ "ARM*#0" && jtag_cable_name =~ "Digilent Zed 210248450912"} -index 0
rst -processor
targets -set -nocase -filter {name =~ "ARM*#0" && jtag_cable_name =~ "Digilent Zed 210248450912"} -index 0
dow D:/UTFPR/TCC/pothole_detector/PS_PL_COM/PS_PL_COM.sdk/mpu_read/Debug/mpu_read.elf
configparams force-mem-access 0
----------------End of Script----------------

16:45:40 INFO  : Context for processor 'ps7_cortexa9_0' is selected.
16:45:40 INFO  : 'con' command is executed.
16:45:40 INFO  : ----------------XSDB Script (After Launch)----------------
targets -set -nocase -filter {name =~ "ARM*#0" && jtag_cable_name =~ "Digilent Zed 210248450912"} -index 0
con
----------------End of Script----------------

16:45:40 INFO  : Disconnected from the channel tcfchan#2.
16:46:17 INFO  : 'targets -set -filter {jtag_cable_name =~ "Digilent Zed 210248450912" && level==0} -index 1' command is executed.
16:46:17 INFO  : 'fpga -state' command is executed.
16:46:17 INFO  : Connected to target on host '127.0.0.1' and port '3121'.
16:46:17 INFO  : Jtag cable 'Digilent Zed 210248450912' is selected.
16:46:17 INFO  : 'jtag frequency' command is executed.
16:46:17 INFO  : Sourcing of 'D:/UTFPR/TCC/pothole_detector/PS_PL_COM/PS_PL_COM.sdk/system_wrapper_hw_platform_0/ps7_init.tcl' is done.
16:46:17 INFO  : Context for 'APU' is selected.
16:46:21 INFO  : Hardware design information is loaded from 'D:/UTFPR/TCC/pothole_detector/PS_PL_COM/PS_PL_COM.sdk/system_wrapper_hw_platform_0/system.hdf'.
16:46:21 INFO  : 'configparams force-mem-access 1' command is executed.
16:46:21 INFO  : Context for 'APU' is selected.
16:46:21 INFO  : 'stop' command is executed.
16:46:21 INFO  : 'ps7_init' command is executed.
16:46:21 INFO  : 'ps7_post_config' command is executed.
16:46:21 INFO  : Context for processor 'ps7_cortexa9_0' is selected.
16:46:21 INFO  : Processor reset is completed for 'ps7_cortexa9_0'.
16:46:21 INFO  : Context for processor 'ps7_cortexa9_0' is selected.
16:46:21 INFO  : The application 'D:/UTFPR/TCC/pothole_detector/PS_PL_COM/PS_PL_COM.sdk/mpu_read/Debug/mpu_read.elf' is downloaded to processor 'ps7_cortexa9_0'.
16:46:21 INFO  : 'configparams force-mem-access 0' command is executed.
16:46:21 INFO  : ----------------XSDB Script----------------
connect -url tcp:127.0.0.1:3121
source D:/UTFPR/TCC/pothole_detector/PS_PL_COM/PS_PL_COM.sdk/system_wrapper_hw_platform_0/ps7_init.tcl
targets -set -nocase -filter {name =~"APU*" && jtag_cable_name =~ "Digilent Zed 210248450912"} -index 0
loadhw -hw D:/UTFPR/TCC/pothole_detector/PS_PL_COM/PS_PL_COM.sdk/system_wrapper_hw_platform_0/system.hdf -mem-ranges [list {0x40000000 0xbfffffff}]
configparams force-mem-access 1
targets -set -nocase -filter {name =~"APU*" && jtag_cable_name =~ "Digilent Zed 210248450912"} -index 0
stop
ps7_init
ps7_post_config
targets -set -nocase -filter {name =~ "ARM*#0" && jtag_cable_name =~ "Digilent Zed 210248450912"} -index 0
rst -processor
targets -set -nocase -filter {name =~ "ARM*#0" && jtag_cable_name =~ "Digilent Zed 210248450912"} -index 0
dow D:/UTFPR/TCC/pothole_detector/PS_PL_COM/PS_PL_COM.sdk/mpu_read/Debug/mpu_read.elf
configparams force-mem-access 0
----------------End of Script----------------

16:46:21 INFO  : Context for processor 'ps7_cortexa9_0' is selected.
16:46:21 INFO  : 'con' command is executed.
16:46:21 INFO  : ----------------XSDB Script (After Launch)----------------
targets -set -nocase -filter {name =~ "ARM*#0" && jtag_cable_name =~ "Digilent Zed 210248450912"} -index 0
con
----------------End of Script----------------

16:46:21 INFO  : Disconnected from the channel tcfchan#3.
16:57:25 INFO  : SDK has detected change in the last modified timestamps for source hardware specification file Source:1566590091482,  Project:1566519382944
16:57:25 INFO  : Project system_wrapper_hw_platform_0's source hardware specification located at D:/UTFPR/TCC/pothole_detector/PS_PL_COM/PS_PL_COM.sdk/system_wrapper.hdf is now different from the local copy.
		 The local copy will be replaced with the source specification and your workspace will be updated.
16:58:21 INFO  : Copied contents of D:/UTFPR/TCC/pothole_detector/PS_PL_COM/PS_PL_COM.sdk/system_wrapper.hdf into \system_wrapper_hw_platform_0\system.hdf.
16:58:28 INFO  : Synchronizing projects in the workspace with the hardware platform specification changes.
16:58:34 INFO  : 
16:58:35 INFO  : Updating hardware inferred compiler options for mpu_read.
16:58:35 INFO  : Clearing existing target manager status.
16:58:35 INFO  : Closing and re-opening the MSS file of ther project standalone_bsp_0
16:58:37 INFO  : Workspace synchronized with the new hardware specification file. Cleaning dependent projects...
16:58:42 WARN  : Linker script will not be updated automatically. Users need to update it manually.
16:59:43 INFO  : Connected to target on host '127.0.0.1' and port '3121'.
16:59:43 INFO  : 'targets -set -filter {jtag_cable_name =~ "Digilent Zed 210248450912" && level==0} -index 1' command is executed.
16:59:46 INFO  : FPGA configured successfully with bitstream "D:/UTFPR/TCC/pothole_detector/PS_PL_COM/PS_PL_COM.sdk/system_wrapper_hw_platform_0/system_wrapper.bit"
16:59:56 INFO  : 'targets -set -filter {jtag_cable_name =~ "Digilent Zed 210248450912" && level==0} -index 1' command is executed.
16:59:56 INFO  : 'fpga -state' command is executed.
16:59:56 INFO  : Connected to target on host '127.0.0.1' and port '3121'.
16:59:56 INFO  : Jtag cable 'Digilent Zed 210248450912' is selected.
16:59:56 INFO  : 'jtag frequency' command is executed.
16:59:56 INFO  : Sourcing of 'D:/UTFPR/TCC/pothole_detector/PS_PL_COM/PS_PL_COM.sdk/system_wrapper_hw_platform_0/ps7_init.tcl' is done.
16:59:56 INFO  : Context for 'APU' is selected.
16:59:57 INFO  : Hardware design information is loaded from 'D:/UTFPR/TCC/pothole_detector/PS_PL_COM/PS_PL_COM.sdk/system_wrapper_hw_platform_0/system.hdf'.
16:59:57 INFO  : 'configparams force-mem-access 1' command is executed.
16:59:57 INFO  : Context for 'APU' is selected.
16:59:57 INFO  : 'stop' command is executed.
16:59:57 INFO  : 'ps7_init' command is executed.
16:59:57 INFO  : 'ps7_post_config' command is executed.
16:59:57 INFO  : Context for processor 'ps7_cortexa9_0' is selected.
16:59:57 INFO  : Processor reset is completed for 'ps7_cortexa9_0'.
16:59:57 INFO  : Context for processor 'ps7_cortexa9_0' is selected.
16:59:57 INFO  : The application 'D:/UTFPR/TCC/pothole_detector/PS_PL_COM/PS_PL_COM.sdk/mpu_read/Debug/mpu_read.elf' is downloaded to processor 'ps7_cortexa9_0'.
16:59:57 INFO  : 'configparams force-mem-access 0' command is executed.
16:59:57 INFO  : ----------------XSDB Script----------------
connect -url tcp:127.0.0.1:3121
source D:/UTFPR/TCC/pothole_detector/PS_PL_COM/PS_PL_COM.sdk/system_wrapper_hw_platform_0/ps7_init.tcl
targets -set -nocase -filter {name =~"APU*" && jtag_cable_name =~ "Digilent Zed 210248450912"} -index 0
loadhw -hw D:/UTFPR/TCC/pothole_detector/PS_PL_COM/PS_PL_COM.sdk/system_wrapper_hw_platform_0/system.hdf -mem-ranges [list {0x40000000 0xbfffffff}]
configparams force-mem-access 1
targets -set -nocase -filter {name =~"APU*" && jtag_cable_name =~ "Digilent Zed 210248450912"} -index 0
stop
ps7_init
ps7_post_config
targets -set -nocase -filter {name =~ "ARM*#0" && jtag_cable_name =~ "Digilent Zed 210248450912"} -index 0
rst -processor
targets -set -nocase -filter {name =~ "ARM*#0" && jtag_cable_name =~ "Digilent Zed 210248450912"} -index 0
dow D:/UTFPR/TCC/pothole_detector/PS_PL_COM/PS_PL_COM.sdk/mpu_read/Debug/mpu_read.elf
configparams force-mem-access 0
----------------End of Script----------------

16:59:57 INFO  : Context for processor 'ps7_cortexa9_0' is selected.
16:59:57 INFO  : 'con' command is executed.
16:59:57 INFO  : ----------------XSDB Script (After Launch)----------------
targets -set -nocase -filter {name =~ "ARM*#0" && jtag_cable_name =~ "Digilent Zed 210248450912"} -index 0
con
----------------End of Script----------------

16:59:57 INFO  : Disconnected from the channel tcfchan#4.
17:08:04 INFO  : SDK has detected change in the last modified timestamps for source hardware specification file Source:1566590860535,  Project:1566590091482
17:08:04 INFO  : Project system_wrapper_hw_platform_0's source hardware specification located at D:/UTFPR/TCC/pothole_detector/PS_PL_COM/PS_PL_COM.sdk/system_wrapper.hdf is now different from the local copy.
		 The local copy will be replaced with the source specification and your workspace will be updated.
17:08:28 INFO  : Copied contents of D:/UTFPR/TCC/pothole_detector/PS_PL_COM/PS_PL_COM.sdk/system_wrapper.hdf into \system_wrapper_hw_platform_0\system.hdf.
17:08:36 INFO  : Synchronizing projects in the workspace with the hardware platform specification changes.
17:08:39 INFO  : 
17:08:40 INFO  : Updating hardware inferred compiler options for mpu_read.
17:08:40 INFO  : Clearing existing target manager status.
17:08:40 INFO  : Closing and re-opening the MSS file of ther project standalone_bsp_0
17:08:41 INFO  : Workspace synchronized with the new hardware specification file. Cleaning dependent projects...
17:08:44 WARN  : Linker script will not be updated automatically. Users need to update it manually.
17:10:50 INFO  : Connected to target on host '127.0.0.1' and port '3121'.
17:10:51 INFO  : 'targets -set -filter {jtag_cable_name =~ "Digilent Zed 210248450912" && level==0} -index 1' command is executed.
17:10:53 INFO  : FPGA configured successfully with bitstream "D:/UTFPR/TCC/pothole_detector/PS_PL_COM/PS_PL_COM.sdk/system_wrapper_hw_platform_0/system_wrapper.bit"
17:51:53 INFO  : SDK has detected change in the last modified timestamps for source hardware specification file Source:1566591439581,  Project:1566590860535
17:51:53 INFO  : Project system_wrapper_hw_platform_0's source hardware specification located at D:/UTFPR/TCC/pothole_detector/PS_PL_COM/PS_PL_COM.sdk/system_wrapper.hdf is now different from the local copy.
		 The local copy will be replaced with the source specification and your workspace will be updated.
17:51:56 INFO  : Copied contents of D:/UTFPR/TCC/pothole_detector/PS_PL_COM/PS_PL_COM.sdk/system_wrapper.hdf into \system_wrapper_hw_platform_0\system.hdf.
17:52:01 INFO  : Synchronizing projects in the workspace with the hardware platform specification changes.
17:52:05 INFO  : 
17:52:06 INFO  : Updating hardware inferred compiler options for mpu_read.
17:52:06 INFO  : Clearing existing target manager status.
17:52:06 INFO  : Closing and re-opening the MSS file of ther project standalone_bsp_0
17:52:07 INFO  : Workspace synchronized with the new hardware specification file. Cleaning dependent projects...
17:52:10 WARN  : Linker script will not be updated automatically. Users need to update it manually.
17:54:17 INFO  : Connected to target on host '127.0.0.1' and port '3121'.
17:54:18 INFO  : 'targets -set -filter {jtag_cable_name =~ "Digilent Zed 210248450912" && level==0} -index 1' command is executed.
17:54:20 INFO  : FPGA configured successfully with bitstream "D:/UTFPR/TCC/pothole_detector/PS_PL_COM/PS_PL_COM.sdk/system_wrapper_hw_platform_0/system_wrapper.bit"
08:03:26 INFO  : Connected to target on host '127.0.0.1' and port '3121'.
08:03:26 INFO  : 'targets -set -filter {jtag_cable_name =~ "Digilent Zed 210248450912" && level==0} -index 1' command is executed.
08:03:28 INFO  : FPGA configured successfully with bitstream "D:/UTFPR/TCC/pothole_detector/PS_PL_COM/PS_PL_COM.sdk/system_wrapper_hw_platform_0/system_wrapper.bit"
08:03:35 INFO  : 'targets -set -filter {jtag_cable_name =~ "Digilent Zed 210248450912" && level==0} -index 1' command is executed.
08:03:35 INFO  : 'fpga -state' command is executed.
08:03:35 INFO  : Connected to target on host '127.0.0.1' and port '3121'.
08:03:36 INFO  : Jtag cable 'Digilent Zed 210248450912' is selected.
08:03:36 INFO  : 'jtag frequency' command is executed.
08:03:36 INFO  : Sourcing of 'D:/UTFPR/TCC/pothole_detector/PS_PL_COM/PS_PL_COM.sdk/system_wrapper_hw_platform_0/ps7_init.tcl' is done.
08:03:36 INFO  : Context for 'APU' is selected.
08:03:36 INFO  : Hardware design information is loaded from 'D:/UTFPR/TCC/pothole_detector/PS_PL_COM/PS_PL_COM.sdk/system_wrapper_hw_platform_0/system.hdf'.
08:03:36 INFO  : 'configparams force-mem-access 1' command is executed.
08:03:36 INFO  : Context for 'APU' is selected.
08:03:36 INFO  : 'stop' command is executed.
08:03:36 INFO  : 'ps7_init' command is executed.
08:03:36 INFO  : 'ps7_post_config' command is executed.
08:03:36 INFO  : Context for processor 'ps7_cortexa9_0' is selected.
08:03:36 INFO  : Processor reset is completed for 'ps7_cortexa9_0'.
08:03:36 INFO  : Context for processor 'ps7_cortexa9_0' is selected.
08:03:36 INFO  : The application 'D:/UTFPR/TCC/pothole_detector/PS_PL_COM/PS_PL_COM.sdk/mpu_read/Debug/mpu_read.elf' is downloaded to processor 'ps7_cortexa9_0'.
08:03:36 INFO  : 'configparams force-mem-access 0' command is executed.
08:03:36 INFO  : ----------------XSDB Script----------------
connect -url tcp:127.0.0.1:3121
source D:/UTFPR/TCC/pothole_detector/PS_PL_COM/PS_PL_COM.sdk/system_wrapper_hw_platform_0/ps7_init.tcl
targets -set -nocase -filter {name =~"APU*" && jtag_cable_name =~ "Digilent Zed 210248450912"} -index 0
loadhw -hw D:/UTFPR/TCC/pothole_detector/PS_PL_COM/PS_PL_COM.sdk/system_wrapper_hw_platform_0/system.hdf -mem-ranges [list {0x40000000 0xbfffffff}]
configparams force-mem-access 1
targets -set -nocase -filter {name =~"APU*" && jtag_cable_name =~ "Digilent Zed 210248450912"} -index 0
stop
ps7_init
ps7_post_config
targets -set -nocase -filter {name =~ "ARM*#0" && jtag_cable_name =~ "Digilent Zed 210248450912"} -index 0
rst -processor
targets -set -nocase -filter {name =~ "ARM*#0" && jtag_cable_name =~ "Digilent Zed 210248450912"} -index 0
dow D:/UTFPR/TCC/pothole_detector/PS_PL_COM/PS_PL_COM.sdk/mpu_read/Debug/mpu_read.elf
configparams force-mem-access 0
----------------End of Script----------------

08:03:37 INFO  : Context for processor 'ps7_cortexa9_0' is selected.
08:03:37 INFO  : 'con' command is executed.
08:03:37 INFO  : ----------------XSDB Script (After Launch)----------------
targets -set -nocase -filter {name =~ "ARM*#0" && jtag_cable_name =~ "Digilent Zed 210248450912"} -index 0
con
----------------End of Script----------------

08:03:37 INFO  : Disconnected from the channel tcfchan#5.
08:03:40 INFO  : 'targets -set -filter {jtag_cable_name =~ "Digilent Zed 210248450912" && level==0} -index 1' command is executed.
08:03:40 INFO  : 'fpga -state' command is executed.
08:03:40 INFO  : Connected to target on host '127.0.0.1' and port '3121'.
08:03:40 INFO  : Jtag cable 'Digilent Zed 210248450912' is selected.
08:03:40 INFO  : 'jtag frequency' command is executed.
08:03:40 INFO  : Sourcing of 'D:/UTFPR/TCC/pothole_detector/PS_PL_COM/PS_PL_COM.sdk/system_wrapper_hw_platform_0/ps7_init.tcl' is done.
08:03:40 INFO  : Context for 'APU' is selected.
08:03:40 INFO  : Hardware design information is loaded from 'D:/UTFPR/TCC/pothole_detector/PS_PL_COM/PS_PL_COM.sdk/system_wrapper_hw_platform_0/system.hdf'.
08:03:40 INFO  : 'configparams force-mem-access 1' command is executed.
08:03:40 INFO  : Context for 'APU' is selected.
08:03:40 INFO  : 'stop' command is executed.
08:03:41 INFO  : 'ps7_init' command is executed.
08:03:41 INFO  : 'ps7_post_config' command is executed.
08:03:41 INFO  : Context for processor 'ps7_cortexa9_0' is selected.
08:03:41 INFO  : Processor reset is completed for 'ps7_cortexa9_0'.
08:03:41 INFO  : Context for processor 'ps7_cortexa9_0' is selected.
08:03:41 INFO  : The application 'D:/UTFPR/TCC/pothole_detector/PS_PL_COM/PS_PL_COM.sdk/mpu_read/Debug/mpu_read.elf' is downloaded to processor 'ps7_cortexa9_0'.
08:03:41 INFO  : 'configparams force-mem-access 0' command is executed.
08:03:41 INFO  : ----------------XSDB Script----------------
connect -url tcp:127.0.0.1:3121
source D:/UTFPR/TCC/pothole_detector/PS_PL_COM/PS_PL_COM.sdk/system_wrapper_hw_platform_0/ps7_init.tcl
targets -set -nocase -filter {name =~"APU*" && jtag_cable_name =~ "Digilent Zed 210248450912"} -index 0
loadhw -hw D:/UTFPR/TCC/pothole_detector/PS_PL_COM/PS_PL_COM.sdk/system_wrapper_hw_platform_0/system.hdf -mem-ranges [list {0x40000000 0xbfffffff}]
configparams force-mem-access 1
targets -set -nocase -filter {name =~"APU*" && jtag_cable_name =~ "Digilent Zed 210248450912"} -index 0
stop
ps7_init
ps7_post_config
targets -set -nocase -filter {name =~ "ARM*#0" && jtag_cable_name =~ "Digilent Zed 210248450912"} -index 0
rst -processor
targets -set -nocase -filter {name =~ "ARM*#0" && jtag_cable_name =~ "Digilent Zed 210248450912"} -index 0
dow D:/UTFPR/TCC/pothole_detector/PS_PL_COM/PS_PL_COM.sdk/mpu_read/Debug/mpu_read.elf
configparams force-mem-access 0
----------------End of Script----------------

08:03:41 INFO  : Context for processor 'ps7_cortexa9_0' is selected.
08:03:41 INFO  : 'con' command is executed.
08:03:41 INFO  : ----------------XSDB Script (After Launch)----------------
targets -set -nocase -filter {name =~ "ARM*#0" && jtag_cable_name =~ "Digilent Zed 210248450912"} -index 0
con
----------------End of Script----------------

08:03:41 INFO  : Disconnected from the channel tcfchan#6.
08:05:35 INFO  : 'targets -set -filter {jtag_cable_name =~ "Digilent Zed 210248450912" && level==0} -index 1' command is executed.
08:05:35 INFO  : 'fpga -state' command is executed.
08:05:35 INFO  : Connected to target on host '127.0.0.1' and port '3121'.
08:05:36 INFO  : Jtag cable 'Digilent Zed 210248450912' is selected.
08:05:36 INFO  : 'jtag frequency' command is executed.
08:05:36 INFO  : Sourcing of 'D:/UTFPR/TCC/pothole_detector/PS_PL_COM/PS_PL_COM.sdk/system_wrapper_hw_platform_0/ps7_init.tcl' is done.
08:05:36 INFO  : Context for 'APU' is selected.
08:05:36 INFO  : Hardware design information is loaded from 'D:/UTFPR/TCC/pothole_detector/PS_PL_COM/PS_PL_COM.sdk/system_wrapper_hw_platform_0/system.hdf'.
08:05:36 INFO  : 'configparams force-mem-access 1' command is executed.
08:05:36 INFO  : Context for 'APU' is selected.
08:05:36 INFO  : 'stop' command is executed.
08:05:36 INFO  : 'ps7_init' command is executed.
08:05:36 INFO  : 'ps7_post_config' command is executed.
08:05:37 INFO  : Context for processor 'ps7_cortexa9_0' is selected.
08:05:37 INFO  : Processor reset is completed for 'ps7_cortexa9_0'.
08:05:37 INFO  : Context for processor 'ps7_cortexa9_0' is selected.
08:05:37 INFO  : The application 'D:/UTFPR/TCC/pothole_detector/PS_PL_COM/PS_PL_COM.sdk/mpu_read/Debug/mpu_read.elf' is downloaded to processor 'ps7_cortexa9_0'.
08:05:37 INFO  : 'configparams force-mem-access 0' command is executed.
08:05:37 INFO  : ----------------XSDB Script----------------
connect -url tcp:127.0.0.1:3121
source D:/UTFPR/TCC/pothole_detector/PS_PL_COM/PS_PL_COM.sdk/system_wrapper_hw_platform_0/ps7_init.tcl
targets -set -nocase -filter {name =~"APU*" && jtag_cable_name =~ "Digilent Zed 210248450912"} -index 0
loadhw -hw D:/UTFPR/TCC/pothole_detector/PS_PL_COM/PS_PL_COM.sdk/system_wrapper_hw_platform_0/system.hdf -mem-ranges [list {0x40000000 0xbfffffff}]
configparams force-mem-access 1
targets -set -nocase -filter {name =~"APU*" && jtag_cable_name =~ "Digilent Zed 210248450912"} -index 0
stop
ps7_init
ps7_post_config
targets -set -nocase -filter {name =~ "ARM*#0" && jtag_cable_name =~ "Digilent Zed 210248450912"} -index 0
rst -processor
targets -set -nocase -filter {name =~ "ARM*#0" && jtag_cable_name =~ "Digilent Zed 210248450912"} -index 0
dow D:/UTFPR/TCC/pothole_detector/PS_PL_COM/PS_PL_COM.sdk/mpu_read/Debug/mpu_read.elf
configparams force-mem-access 0
----------------End of Script----------------

08:05:37 INFO  : Context for processor 'ps7_cortexa9_0' is selected.
08:05:37 INFO  : 'con' command is executed.
08:05:37 INFO  : ----------------XSDB Script (After Launch)----------------
targets -set -nocase -filter {name =~ "ARM*#0" && jtag_cable_name =~ "Digilent Zed 210248450912"} -index 0
con
----------------End of Script----------------

08:05:37 INFO  : Disconnected from the channel tcfchan#7.
08:19:34 INFO  : SDK has detected change in the last modified timestamps for source hardware specification file Source:1566645309487,  Project:1566591439581
08:19:34 INFO  : Project system_wrapper_hw_platform_0's source hardware specification located at D:/UTFPR/TCC/pothole_detector/PS_PL_COM/PS_PL_COM.sdk/system_wrapper.hdf is now different from the local copy.
		 The local copy will be replaced with the source specification and your workspace will be updated.
08:19:37 INFO  : Copied contents of D:/UTFPR/TCC/pothole_detector/PS_PL_COM/PS_PL_COM.sdk/system_wrapper.hdf into \system_wrapper_hw_platform_0\system.hdf.
08:19:42 INFO  : Synchronizing projects in the workspace with the hardware platform specification changes.
08:19:49 INFO  : 
08:19:50 INFO  : Updating hardware inferred compiler options for mpu_read.
08:19:50 INFO  : Clearing existing target manager status.
08:19:50 INFO  : Closing and re-opening the MSS file of ther project standalone_bsp_0
08:19:51 INFO  : Workspace synchronized with the new hardware specification file. Cleaning dependent projects...
08:19:54 WARN  : Linker script will not be updated automatically. Users need to update it manually.
08:21:41 INFO  : Connected to target on host '127.0.0.1' and port '3121'.
08:21:42 INFO  : 'targets -set -filter {jtag_cable_name =~ "Digilent Zed 210248450912" && level==0} -index 1' command is executed.
08:21:44 INFO  : FPGA configured successfully with bitstream "D:/UTFPR/TCC/pothole_detector/PS_PL_COM/PS_PL_COM.sdk/system_wrapper_hw_platform_0/system_wrapper.bit"
