Copyright 1986-2018 Xilinx, Inc. All Rights Reserved.
-------------------------------------------------------------------------------------------
| Tool Version : Vivado v.2018.3 (win64) Build 2405991 Thu Dec  6 23:38:27 MST 2018
| Date         : Sun Jun 23 19:37:51 2019
| Host         : DESKTOP-MNS355G running 64-bit major release  (build 9200)
| Command      : report_control_sets -verbose -file system_wrapper_control_sets_placed.rpt
| Design       : system_wrapper
| Device       : xc7z020
-------------------------------------------------------------------------------------------

Control Set Information

Table of Contents
-----------------
1. Summary
2. Histogram
3. Flip-Flop Distribution
4. Detailed Control Set Information

1. Summary
----------

+----------------------------------------------------------+-------+
|                          Status                          | Count |
+----------------------------------------------------------+-------+
| Number of unique control sets                            |   138 |
| Unused register locations in slices containing registers |   170 |
+----------------------------------------------------------+-------+


2. Histogram
------------

+--------+--------------+
| Fanout | Control Sets |
+--------+--------------+
|      1 |            3 |
|      2 |            1 |
|      3 |            1 |
|      4 |            9 |
|      5 |            4 |
|      6 |            1 |
|      7 |            1 |
|      8 |           87 |
|     10 |            7 |
|     13 |            2 |
|     14 |            3 |
|    16+ |           19 |
+--------+--------------+


3. Flip-Flop Distribution
-------------------------

+--------------+-----------------------+------------------------+-----------------+--------------+
| Clock Enable | Synchronous Set/Reset | Asynchronous Set/Reset | Total Registers | Total Slices |
+--------------+-----------------------+------------------------+-----------------+--------------+
| No           | No                    | No                     |             161 |           58 |
| No           | No                    | Yes                    |              30 |           17 |
| No           | Yes                   | No                     |              96 |           38 |
| Yes          | No                    | No                     |             375 |           88 |
| Yes          | No                    | Yes                    |             136 |           40 |
| Yes          | Yes                   | No                     |             816 |          185 |
+--------------+-----------------------+------------------------+-----------------+--------------+


4. Detailed Control Set Information
-----------------------------------

+----------------------------------------------------+--------------------------------------------------------------------------------------------------------------------------------------------------------------+-----------------------------------------------------------------------------------------------------------------------------------------------------+------------------+----------------+
|                    Clock Signal                    |                                                                         Enable Signal                                                                        |                                                                   Set/Reset Signal                                                                  | Slice Load Count | Bel Load Count |
+----------------------------------------------------+--------------------------------------------------------------------------------------------------------------------------------------------------------------+-----------------------------------------------------------------------------------------------------------------------------------------------------+------------------+----------------+
|  MCLK_IBUF_BUFG                                    |                                                                                                                                                              |                                                                                                                                                     |                1 |              1 |
|  MCLK_IBUF_BUFG                                    | MPU6050_1/I_MPU6050_0/SIGN0_out                                                                                                                              | RESET_IBUF                                                                                                                                          |                1 |              1 |
|  system_i/processing_system7_0/inst/FCLK_CLK0_BUFG | system_i/ps7_0_axi_periph/s00_couplers/auto_pc/inst/gen_axilite.gen_b2s_conv.axilite_b2s/WR.aw_channel_0/aw_cmd_fsm_0/m_axi_awready_1                        | system_i/ps7_0_axi_periph/s00_couplers/auto_pc/inst/gen_axilite.gen_b2s_conv.axilite_b2s/WR.aw_channel_0/aw_cmd_fsm_0/m_axi_awready_0               |                1 |              1 |
|  system_i/processing_system7_0/inst/FCLK_CLK0_BUFG | system_i/ps7_0_axi_periph/s00_couplers/auto_pc/inst/gen_axilite.gen_b2s_conv.axilite_b2s/WR.b_channel_0/bid_fifo_0/sel                                       |                                                                                                                                                     |                1 |              2 |
|  MCLK_IBUF_BUFG                                    | MPU6050_1/I_MPU6050_0/COMPLETED_reg_0                                                                                                                        | RESET_IBUF                                                                                                                                          |                1 |              3 |
|  MCLK_IBUF_BUFG                                    | MPU6050_1/I_I2CMASTER_0/counter[3]_i_1_n_0                                                                                                                   | RESET_IBUF                                                                                                                                          |                1 |              4 |
|  system_i/processing_system7_0/inst/FCLK_CLK0_BUFG | system_i/ps7_0_axi_periph/s00_couplers/auto_pc/inst/gen_axilite.gen_b2s_conv.axilite_b2s/RD.ar_channel_0/ar_cmd_fsm_0/sel_first_reg[0]                       |                                                                                                                                                     |                1 |              4 |
|  MCLK_IBUF_BUFG                                    | MPU6050_1/I_MPU6050_0/adr_i[3]_i_1_n_0                                                                                                                       | RESET_IBUF                                                                                                                                          |                1 |              4 |
|  system_i/processing_system7_0/inst/FCLK_CLK0_BUFG | system_i/ps7_0_axi_periph/s00_couplers/auto_pc/inst/gen_axilite.gen_b2s_conv.axilite_b2s/RD.ar_channel_0/ar_cmd_fsm_0/E[0]                                   |                                                                                                                                                     |                2 |              4 |
|  system_i/processing_system7_0/inst/FCLK_CLK0_BUFG | system_i/ps7_0_axi_periph/s00_couplers/auto_pc/inst/gen_axilite.gen_b2s_conv.axilite_b2s/WR.aw_channel_0/aw_cmd_fsm_0/E[0]                                   |                                                                                                                                                     |                2 |              4 |
|  system_i/processing_system7_0/inst/FCLK_CLK0_BUFG |                                                                                                                                                              | system_i/rst_ps7_0_100M/U0/EXT_LPF/lpf_int                                                                                                          |                1 |              4 |
|  system_i/processing_system7_0/inst/FCLK_CLK0_BUFG |                                                                                                                                                              | system_i/ps7_0_axi_periph/s00_couplers/auto_pc/inst/gen_axilite.gen_b2s_conv.axilite_b2s/SI_REG/ar.ar_pipe/aresetn_d_reg[1]_inv_0                   |                4 |              4 |
|  system_i/processing_system7_0/inst/FCLK_CLK0_BUFG |                                                                                                                                                              | system_i/ps7_0_axi_periph/s00_couplers/auto_pc/inst/gen_axilite.gen_b2s_conv.axilite_b2s/SI_REG/aw.aw_pipe/aresetn_d_reg[0]_0                       |                3 |              4 |
|  system_i/processing_system7_0/inst/FCLK_CLK0_BUFG | system_i/ps7_0_axi_periph/s00_couplers/auto_pc/inst/gen_axilite.gen_b2s_conv.axilite_b2s/WR.aw_channel_0/cmd_translator_0/incr_cmd_0/axaddr_incr[11]_i_1_n_0 |                                                                                                                                                     |                1 |              4 |
|  MCLK_IBUF_BUFG                                    | MPU6050_1/I_I2CMASTER_0/state[4]_i_1_n_0                                                                                                                     | RESET_IBUF                                                                                                                                          |                3 |              5 |
|  system_i/processing_system7_0/inst/FCLK_CLK0_BUFG | system_i/ps7_0_axi_periph/s00_couplers/auto_pc/inst/gen_axilite.gen_b2s_conv.axilite_b2s/RD.r_channel_0/rd_data_fifo_0/E[0]                                  | system_i/ps7_0_axi_periph/s00_couplers/auto_pc/inst/gen_axilite.gen_b2s_conv.axilite_b2s/areset_d1                                                  |                2 |              5 |
|  system_i/processing_system7_0/inst/FCLK_CLK0_BUFG | system_i/ps7_0_axi_periph/s00_couplers/auto_pc/inst/gen_axilite.gen_b2s_conv.axilite_b2s/RD.r_channel_0/rd_data_fifo_0/cnt_read[4]_i_1_n_0                   | system_i/ps7_0_axi_periph/s00_couplers/auto_pc/inst/gen_axilite.gen_b2s_conv.axilite_b2s/areset_d1                                                  |                1 |              5 |
|  system_i/processing_system7_0/inst/FCLK_CLK0_BUFG | system_i/ps7_0_axi_periph/s00_couplers/auto_pc/inst/gen_axilite.gen_b2s_conv.axilite_b2s/RD.ar_channel_0/ar_cmd_fsm_0/m_valid_i_reg                          | system_i/ps7_0_axi_periph/s00_couplers/auto_pc/inst/gen_axilite.gen_b2s_conv.axilite_b2s/RD.ar_channel_0/ar_cmd_fsm_0/FSM_sequential_state_reg[0]_0 |                2 |              5 |
|  system_i/processing_system7_0/inst/FCLK_CLK0_BUFG | system_i/rst_ps7_0_100M/U0/SEQ/seq_cnt_en                                                                                                                    | system_i/rst_ps7_0_100M/U0/SEQ/SEQ_COUNTER/clear                                                                                                    |                1 |              6 |
|  MCLK_IBUF_BUFG                                    | MPU6050_1/I_I2CMASTER_0/shift[7]_i_1_n_0                                                                                                                     | RESET_IBUF                                                                                                                                          |                2 |              7 |
|  system_i/processing_system7_0/inst/FCLK_CLK0_BUFG | system_i/mpu_data_0/U0/mpu_data_v1_0_S02_AXI_inst/slv_reg0[31]_i_1__1_n_0                                                                                    | system_i/mpu_data_0/U0/mpu_data_v1_0_S02_AXI_inst/axi_awready_i_1__1_n_0                                                                            |                1 |              8 |
|  MCLK_IBUF_BUFG                                    | MPU6050_1/I_MPU6050_0/DATA[7]_i_1_n_0                                                                                                                        | RESET_IBUF                                                                                                                                          |                3 |              8 |
|  MCLK_IBUF_BUFG                                    | MPU6050_1/I_MPU6050_0/E[0]                                                                                                                                   | RESET_IBUF                                                                                                                                          |                2 |              8 |
|  MCLK_IBUF_BUFG                                    | MPU6050_1/I_MPU6050_0/adr_i_reg[2]_1                                                                                                                         | RESET_IBUF                                                                                                                                          |                3 |              8 |
|  MCLK_IBUF_BUFG                                    | MPU6050_1/I_MPU6050_0/adr_i_reg[3]_1                                                                                                                         | RESET_IBUF                                                                                                                                          |                2 |              8 |
|  MCLK_IBUF_BUFG                                    | MPU6050_1/I_MPU6050_0/E[1]                                                                                                                                   | RESET_IBUF                                                                                                                                          |                1 |              8 |
|  MCLK_IBUF_BUFG                                    | MPU6050_1/I_MPU6050_0/adr_i_reg[3]_2                                                                                                                         | RESET_IBUF                                                                                                                                          |                4 |              8 |
|  MCLK_IBUF_BUFG                                    | MPU6050_1/I_MPU6050_0/adr_i_reg[2]_0[0]                                                                                                                      | RESET_IBUF                                                                                                                                          |                1 |              8 |
|  MCLK_IBUF_BUFG                                    | MPU6050_1/I_MPU6050_0/adr_i_reg[1]_1[0]                                                                                                                      | RESET_IBUF                                                                                                                                          |                1 |              8 |
|  MCLK_IBUF_BUFG                                    | MPU6050_1/I_MPU6050_0/adr_i_reg[1]_0[0]                                                                                                                      | RESET_IBUF                                                                                                                                          |                1 |              8 |
|  MCLK_IBUF_BUFG                                    | MPU6050_1/I_MPU6050_0/adr_i_reg[1]_0[1]                                                                                                                      | RESET_IBUF                                                                                                                                          |                1 |              8 |
|  MCLK_IBUF_BUFG                                    | MPU6050_1/I_MPU6050_0/adr_i_reg[2]_2[0]                                                                                                                      | RESET_IBUF                                                                                                                                          |                2 |              8 |
|  MCLK_IBUF_BUFG                                    | MPU6050_1/I_MPU6050_0/adr_i_reg[3]_0[0]                                                                                                                      | RESET_IBUF                                                                                                                                          |                3 |              8 |
|  MCLK_IBUF_BUFG                                    | MPU6050_1/I_MPU6050_0/adr_i_reg[2]_0[1]                                                                                                                      | RESET_IBUF                                                                                                                                          |                5 |              8 |
|  MCLK_IBUF_BUFG                                    | MPU6050_1/I_I2CMASTER_0/DOUT[7]_i_1_n_0                                                                                                                      | RESET_IBUF                                                                                                                                          |                2 |              8 |
|  system_i/processing_system7_0/inst/FCLK_CLK0_BUFG | system_i/ps7_0_axi_periph/s00_couplers/auto_pc/inst/gen_axilite.gen_b2s_conv.axilite_b2s/WR.b_channel_0/mhandshake_r                                         | system_i/ps7_0_axi_periph/s00_couplers/auto_pc/inst/gen_axilite.gen_b2s_conv.axilite_b2s/WR.b_channel_0/bid_fifo_0/SR[0]                            |                3 |              8 |
|  system_i/processing_system7_0/inst/FCLK_CLK0_BUFG | system_i/mpu_data_0/U0/mpu_data_v1_0_S05_AXI_inst/p_1_in[7]                                                                                                  | system_i/mpu_data_0/U0/mpu_data_v1_0_S05_AXI_inst/axi_awready_i_1__4_n_0                                                                            |                1 |              8 |
|  system_i/processing_system7_0/inst/FCLK_CLK0_BUFG | system_i/mpu_data_0/U0/mpu_data_v1_0_S05_AXI_inst/p_1_in[15]                                                                                                 | system_i/mpu_data_0/U0/mpu_data_v1_0_S05_AXI_inst/axi_awready_i_1__4_n_0                                                                            |                1 |              8 |
|  system_i/processing_system7_0/inst/FCLK_CLK0_BUFG | system_i/mpu_data_0/U0/mpu_data_v1_0_S05_AXI_inst/slv_reg0[15]_i_1__4_n_0                                                                                    | system_i/mpu_data_0/U0/mpu_data_v1_0_S05_AXI_inst/axi_awready_i_1__4_n_0                                                                            |                3 |              8 |
|  system_i/processing_system7_0/inst/FCLK_CLK0_BUFG | system_i/mpu_data_0/U0/mpu_data_v1_0_S05_AXI_inst/slv_reg0[23]_i_1__4_n_0                                                                                    | system_i/mpu_data_0/U0/mpu_data_v1_0_S05_AXI_inst/axi_awready_i_1__4_n_0                                                                            |                1 |              8 |
|  system_i/processing_system7_0/inst/FCLK_CLK0_BUFG | system_i/mpu_data_0/U0/mpu_data_v1_0_S05_AXI_inst/slv_reg2[15]_i_1__4_n_0                                                                                    | system_i/mpu_data_0/U0/mpu_data_v1_0_S05_AXI_inst/axi_awready_i_1__4_n_0                                                                            |                1 |              8 |
|  system_i/processing_system7_0/inst/FCLK_CLK0_BUFG | system_i/mpu_data_0/U0/mpu_data_v1_0_S05_AXI_inst/slv_reg0[31]_i_1__4_n_0                                                                                    | system_i/mpu_data_0/U0/mpu_data_v1_0_S05_AXI_inst/axi_awready_i_1__4_n_0                                                                            |                1 |              8 |
|  system_i/processing_system7_0/inst/FCLK_CLK0_BUFG | system_i/mpu_data_0/U0/mpu_data_v1_0_S05_AXI_inst/slv_reg2[23]_i_1__4_n_0                                                                                    | system_i/mpu_data_0/U0/mpu_data_v1_0_S05_AXI_inst/axi_awready_i_1__4_n_0                                                                            |                3 |              8 |
|  system_i/processing_system7_0/inst/FCLK_CLK0_BUFG | system_i/mpu_data_0/U0/mpu_data_v1_0_S05_AXI_inst/slv_reg2[31]_i_1__4_n_0                                                                                    | system_i/mpu_data_0/U0/mpu_data_v1_0_S05_AXI_inst/axi_awready_i_1__4_n_0                                                                            |                1 |              8 |
|  system_i/processing_system7_0/inst/FCLK_CLK0_BUFG | system_i/mpu_data_0/U0/mpu_data_v1_0_S05_AXI_inst/slv_reg2[7]_i_1__4_n_0                                                                                     | system_i/mpu_data_0/U0/mpu_data_v1_0_S05_AXI_inst/axi_awready_i_1__4_n_0                                                                            |                1 |              8 |
|  system_i/processing_system7_0/inst/FCLK_CLK0_BUFG | system_i/mpu_data_0/U0/mpu_data_v1_0_S05_AXI_inst/slv_reg0[7]_i_1__4_n_0                                                                                     | system_i/mpu_data_0/U0/mpu_data_v1_0_S05_AXI_inst/axi_awready_i_1__4_n_0                                                                            |                1 |              8 |
|  system_i/processing_system7_0/inst/FCLK_CLK0_BUFG | system_i/mpu_data_0/U0/mpu_data_v1_0_S05_AXI_inst/p_1_in[31]                                                                                                 | system_i/mpu_data_0/U0/mpu_data_v1_0_S05_AXI_inst/axi_awready_i_1__4_n_0                                                                            |                1 |              8 |
|  system_i/processing_system7_0/inst/FCLK_CLK0_BUFG | system_i/mpu_data_0/U0/mpu_data_v1_0_S05_AXI_inst/p_1_in[23]                                                                                                 | system_i/mpu_data_0/U0/mpu_data_v1_0_S05_AXI_inst/axi_awready_i_1__4_n_0                                                                            |                1 |              8 |
|  system_i/processing_system7_0/inst/FCLK_CLK0_BUFG | system_i/mpu_data_0/U0/mpu_data_v1_0_S03_AXI_inst/slv_reg0[15]_i_1__2_n_0                                                                                    | system_i/mpu_data_0/U0/mpu_data_v1_0_S03_AXI_inst/axi_awready_i_1__2_n_0                                                                            |                2 |              8 |
|  system_i/processing_system7_0/inst/FCLK_CLK0_BUFG | system_i/mpu_data_0/U0/mpu_data_v1_0_S03_AXI_inst/slv_reg0[23]_i_1__2_n_0                                                                                    | system_i/mpu_data_0/U0/mpu_data_v1_0_S03_AXI_inst/axi_awready_i_1__2_n_0                                                                            |                1 |              8 |
|  system_i/processing_system7_0/inst/FCLK_CLK0_BUFG | system_i/mpu_data_0/U0/mpu_data_v1_0_S03_AXI_inst/slv_reg0[31]_i_1__2_n_0                                                                                    | system_i/mpu_data_0/U0/mpu_data_v1_0_S03_AXI_inst/axi_awready_i_1__2_n_0                                                                            |                1 |              8 |
|  system_i/processing_system7_0/inst/FCLK_CLK0_BUFG | system_i/mpu_data_0/U0/mpu_data_v1_0_S03_AXI_inst/p_1_in[7]                                                                                                  | system_i/mpu_data_0/U0/mpu_data_v1_0_S03_AXI_inst/axi_awready_i_1__2_n_0                                                                            |                2 |              8 |
|  system_i/processing_system7_0/inst/FCLK_CLK0_BUFG | system_i/mpu_data_0/U0/mpu_data_v1_0_S03_AXI_inst/slv_reg0[7]_i_1__2_n_0                                                                                     | system_i/mpu_data_0/U0/mpu_data_v1_0_S03_AXI_inst/axi_awready_i_1__2_n_0                                                                            |                1 |              8 |
|  system_i/processing_system7_0/inst/FCLK_CLK0_BUFG | system_i/mpu_data_0/U0/mpu_data_v1_0_S03_AXI_inst/slv_reg2[31]_i_1__2_n_0                                                                                    | system_i/mpu_data_0/U0/mpu_data_v1_0_S03_AXI_inst/axi_awready_i_1__2_n_0                                                                            |                1 |              8 |
|  system_i/processing_system7_0/inst/FCLK_CLK0_BUFG | system_i/mpu_data_0/U0/mpu_data_v1_0_S03_AXI_inst/slv_reg2[7]_i_1__2_n_0                                                                                     | system_i/mpu_data_0/U0/mpu_data_v1_0_S03_AXI_inst/axi_awready_i_1__2_n_0                                                                            |                1 |              8 |
|  system_i/processing_system7_0/inst/FCLK_CLK0_BUFG | system_i/mpu_data_0/U0/mpu_data_v1_0_S03_AXI_inst/p_1_in[23]                                                                                                 | system_i/mpu_data_0/U0/mpu_data_v1_0_S03_AXI_inst/axi_awready_i_1__2_n_0                                                                            |                1 |              8 |
|  system_i/processing_system7_0/inst/FCLK_CLK0_BUFG | system_i/mpu_data_0/U0/mpu_data_v1_0_S03_AXI_inst/slv_reg2[15]_i_1__2_n_0                                                                                    | system_i/mpu_data_0/U0/mpu_data_v1_0_S03_AXI_inst/axi_awready_i_1__2_n_0                                                                            |                1 |              8 |
|  system_i/processing_system7_0/inst/FCLK_CLK0_BUFG | system_i/mpu_data_0/U0/mpu_data_v1_0_S03_AXI_inst/p_1_in[15]                                                                                                 | system_i/mpu_data_0/U0/mpu_data_v1_0_S03_AXI_inst/axi_awready_i_1__2_n_0                                                                            |                1 |              8 |
|  system_i/processing_system7_0/inst/FCLK_CLK0_BUFG | system_i/mpu_data_0/U0/mpu_data_v1_0_S03_AXI_inst/slv_reg2[23]_i_1__2_n_0                                                                                    | system_i/mpu_data_0/U0/mpu_data_v1_0_S03_AXI_inst/axi_awready_i_1__2_n_0                                                                            |                1 |              8 |
|  system_i/processing_system7_0/inst/FCLK_CLK0_BUFG | system_i/mpu_data_0/U0/mpu_data_v1_0_S03_AXI_inst/p_1_in[31]                                                                                                 | system_i/mpu_data_0/U0/mpu_data_v1_0_S03_AXI_inst/axi_awready_i_1__2_n_0                                                                            |                1 |              8 |
|  system_i/processing_system7_0/inst/FCLK_CLK0_BUFG | system_i/mpu_data_0/U0/mpu_data_v1_0_S04_AXI_inst/p_1_in[7]                                                                                                  | system_i/mpu_data_0/U0/mpu_data_v1_0_S04_AXI_inst/axi_awready_i_1__3_n_0                                                                            |                1 |              8 |
|  system_i/processing_system7_0/inst/FCLK_CLK0_BUFG | system_i/mpu_data_0/U0/mpu_data_v1_0_S04_AXI_inst/slv_reg0[23]_i_1__3_n_0                                                                                    | system_i/mpu_data_0/U0/mpu_data_v1_0_S04_AXI_inst/axi_awready_i_1__3_n_0                                                                            |                1 |              8 |
|  system_i/processing_system7_0/inst/FCLK_CLK0_BUFG | system_i/mpu_data_0/U0/mpu_data_v1_0_S04_AXI_inst/slv_reg0[31]_i_1__3_n_0                                                                                    | system_i/mpu_data_0/U0/mpu_data_v1_0_S04_AXI_inst/axi_awready_i_1__3_n_0                                                                            |                1 |              8 |
|  system_i/processing_system7_0/inst/FCLK_CLK0_BUFG | system_i/mpu_data_0/U0/mpu_data_v1_0_S04_AXI_inst/slv_reg2[7]_i_1__3_n_0                                                                                     | system_i/mpu_data_0/U0/mpu_data_v1_0_S04_AXI_inst/axi_awready_i_1__3_n_0                                                                            |                2 |              8 |
|  system_i/processing_system7_0/inst/FCLK_CLK0_BUFG | system_i/mpu_data_0/U0/mpu_data_v1_0_S04_AXI_inst/p_1_in[15]                                                                                                 | system_i/mpu_data_0/U0/mpu_data_v1_0_S04_AXI_inst/axi_awready_i_1__3_n_0                                                                            |                1 |              8 |
|  system_i/processing_system7_0/inst/FCLK_CLK0_BUFG | system_i/mpu_data_0/U0/mpu_data_v1_0_S04_AXI_inst/p_1_in[23]                                                                                                 | system_i/mpu_data_0/U0/mpu_data_v1_0_S04_AXI_inst/axi_awready_i_1__3_n_0                                                                            |                3 |              8 |
|  system_i/processing_system7_0/inst/FCLK_CLK0_BUFG | system_i/mpu_data_0/U0/mpu_data_v1_0_S04_AXI_inst/p_1_in[31]                                                                                                 | system_i/mpu_data_0/U0/mpu_data_v1_0_S04_AXI_inst/axi_awready_i_1__3_n_0                                                                            |                1 |              8 |
|  system_i/processing_system7_0/inst/FCLK_CLK0_BUFG | system_i/mpu_data_0/U0/mpu_data_v1_0_S04_AXI_inst/slv_reg0[15]_i_1__3_n_0                                                                                    | system_i/mpu_data_0/U0/mpu_data_v1_0_S04_AXI_inst/axi_awready_i_1__3_n_0                                                                            |                1 |              8 |
|  system_i/processing_system7_0/inst/FCLK_CLK0_BUFG | system_i/mpu_data_0/U0/mpu_data_v1_0_S04_AXI_inst/slv_reg0[7]_i_1__3_n_0                                                                                     | system_i/mpu_data_0/U0/mpu_data_v1_0_S04_AXI_inst/axi_awready_i_1__3_n_0                                                                            |                1 |              8 |
|  system_i/processing_system7_0/inst/FCLK_CLK0_BUFG | system_i/mpu_data_0/U0/mpu_data_v1_0_S04_AXI_inst/slv_reg2[15]_i_1__3_n_0                                                                                    | system_i/mpu_data_0/U0/mpu_data_v1_0_S04_AXI_inst/axi_awready_i_1__3_n_0                                                                            |                2 |              8 |
|  system_i/processing_system7_0/inst/FCLK_CLK0_BUFG | system_i/mpu_data_0/U0/mpu_data_v1_0_S04_AXI_inst/slv_reg2[23]_i_1__3_n_0                                                                                    | system_i/mpu_data_0/U0/mpu_data_v1_0_S04_AXI_inst/axi_awready_i_1__3_n_0                                                                            |                1 |              8 |
|  system_i/processing_system7_0/inst/FCLK_CLK0_BUFG | system_i/mpu_data_0/U0/mpu_data_v1_0_S04_AXI_inst/slv_reg2[31]_i_1__3_n_0                                                                                    | system_i/mpu_data_0/U0/mpu_data_v1_0_S04_AXI_inst/axi_awready_i_1__3_n_0                                                                            |                1 |              8 |
|  system_i/processing_system7_0/inst/FCLK_CLK0_BUFG | system_i/mpu_data_0/U0/mpu_data_v1_0_S00_AXI_inst/slv_reg0[31]_i_1_n_0                                                                                       | system_i/mpu_data_0/U0/mpu_data_v1_0_S00_AXI_inst/axi_awready_i_1_n_0                                                                               |                1 |              8 |
|  system_i/processing_system7_0/inst/FCLK_CLK0_BUFG | system_i/mpu_data_0/U0/mpu_data_v1_0_S00_AXI_inst/slv_reg2[15]_i_1_n_0                                                                                       | system_i/mpu_data_0/U0/mpu_data_v1_0_S00_AXI_inst/axi_awready_i_1_n_0                                                                               |                1 |              8 |
|  system_i/processing_system7_0/inst/FCLK_CLK0_BUFG | system_i/mpu_data_0/U0/mpu_data_v1_0_S00_AXI_inst/p_1_in[7]                                                                                                  | system_i/mpu_data_0/U0/mpu_data_v1_0_S00_AXI_inst/axi_awready_i_1_n_0                                                                               |                1 |              8 |
|  system_i/processing_system7_0/inst/FCLK_CLK0_BUFG | system_i/mpu_data_0/U0/mpu_data_v1_0_S00_AXI_inst/slv_reg2[31]_i_1_n_0                                                                                       | system_i/mpu_data_0/U0/mpu_data_v1_0_S00_AXI_inst/axi_awready_i_1_n_0                                                                               |                2 |              8 |
|  system_i/processing_system7_0/inst/FCLK_CLK0_BUFG | system_i/mpu_data_0/U0/mpu_data_v1_0_S00_AXI_inst/p_1_in[31]                                                                                                 | system_i/mpu_data_0/U0/mpu_data_v1_0_S00_AXI_inst/axi_awready_i_1_n_0                                                                               |                1 |              8 |
|  system_i/processing_system7_0/inst/FCLK_CLK0_BUFG | system_i/mpu_data_0/U0/mpu_data_v1_0_S00_AXI_inst/slv_reg2[23]_i_1_n_0                                                                                       | system_i/mpu_data_0/U0/mpu_data_v1_0_S00_AXI_inst/axi_awready_i_1_n_0                                                                               |                1 |              8 |
|  system_i/processing_system7_0/inst/FCLK_CLK0_BUFG | system_i/mpu_data_0/U0/mpu_data_v1_0_S00_AXI_inst/slv_reg2[7]_i_1_n_0                                                                                        | system_i/mpu_data_0/U0/mpu_data_v1_0_S00_AXI_inst/axi_awready_i_1_n_0                                                                               |                2 |              8 |
|  system_i/processing_system7_0/inst/FCLK_CLK0_BUFG | system_i/mpu_data_0/U0/mpu_data_v1_0_S00_AXI_inst/p_1_in[15]                                                                                                 | system_i/mpu_data_0/U0/mpu_data_v1_0_S00_AXI_inst/axi_awready_i_1_n_0                                                                               |                1 |              8 |
|  system_i/processing_system7_0/inst/FCLK_CLK0_BUFG | system_i/mpu_data_0/U0/mpu_data_v1_0_S00_AXI_inst/slv_reg0[15]_i_1_n_0                                                                                       | system_i/mpu_data_0/U0/mpu_data_v1_0_S00_AXI_inst/axi_awready_i_1_n_0                                                                               |                1 |              8 |
|  system_i/processing_system7_0/inst/FCLK_CLK0_BUFG | system_i/mpu_data_0/U0/mpu_data_v1_0_S00_AXI_inst/slv_reg0[23]_i_1_n_0                                                                                       | system_i/mpu_data_0/U0/mpu_data_v1_0_S00_AXI_inst/axi_awready_i_1_n_0                                                                               |                1 |              8 |
|  system_i/processing_system7_0/inst/FCLK_CLK0_BUFG | system_i/mpu_data_0/U0/mpu_data_v1_0_S00_AXI_inst/slv_reg0[7]_i_1_n_0                                                                                        | system_i/mpu_data_0/U0/mpu_data_v1_0_S00_AXI_inst/axi_awready_i_1_n_0                                                                               |                1 |              8 |
|  system_i/processing_system7_0/inst/FCLK_CLK0_BUFG | system_i/mpu_data_0/U0/mpu_data_v1_0_S00_AXI_inst/p_1_in[23]                                                                                                 | system_i/mpu_data_0/U0/mpu_data_v1_0_S00_AXI_inst/axi_awready_i_1_n_0                                                                               |                1 |              8 |
|  system_i/processing_system7_0/inst/FCLK_CLK0_BUFG | system_i/mpu_data_0/U0/mpu_data_v1_0_S01_AXI_inst/slv_reg0[23]_i_1__0_n_0                                                                                    | system_i/mpu_data_0/U0/mpu_data_v1_0_S01_AXI_inst/axi_awready_i_1__0_n_0                                                                            |                1 |              8 |
|  system_i/processing_system7_0/inst/FCLK_CLK0_BUFG | system_i/mpu_data_0/U0/mpu_data_v1_0_S01_AXI_inst/p_1_in[31]                                                                                                 | system_i/mpu_data_0/U0/mpu_data_v1_0_S01_AXI_inst/axi_awready_i_1__0_n_0                                                                            |                1 |              8 |
|  system_i/processing_system7_0/inst/FCLK_CLK0_BUFG | system_i/mpu_data_0/U0/mpu_data_v1_0_S01_AXI_inst/p_1_in[15]                                                                                                 | system_i/mpu_data_0/U0/mpu_data_v1_0_S01_AXI_inst/axi_awready_i_1__0_n_0                                                                            |                1 |              8 |
|  system_i/processing_system7_0/inst/FCLK_CLK0_BUFG | system_i/mpu_data_0/U0/mpu_data_v1_0_S01_AXI_inst/slv_reg0[7]_i_1__0_n_0                                                                                     | system_i/mpu_data_0/U0/mpu_data_v1_0_S01_AXI_inst/axi_awready_i_1__0_n_0                                                                            |                2 |              8 |
|  system_i/processing_system7_0/inst/FCLK_CLK0_BUFG | system_i/mpu_data_0/U0/mpu_data_v1_0_S01_AXI_inst/slv_reg0[31]_i_1__0_n_0                                                                                    | system_i/mpu_data_0/U0/mpu_data_v1_0_S01_AXI_inst/axi_awready_i_1__0_n_0                                                                            |                1 |              8 |
|  system_i/processing_system7_0/inst/FCLK_CLK0_BUFG | system_i/mpu_data_0/U0/mpu_data_v1_0_S01_AXI_inst/slv_reg2[31]_i_1__0_n_0                                                                                    | system_i/mpu_data_0/U0/mpu_data_v1_0_S01_AXI_inst/axi_awready_i_1__0_n_0                                                                            |                1 |              8 |
|  system_i/processing_system7_0/inst/FCLK_CLK0_BUFG | system_i/mpu_data_0/U0/mpu_data_v1_0_S01_AXI_inst/slv_reg0[15]_i_1__0_n_0                                                                                    | system_i/mpu_data_0/U0/mpu_data_v1_0_S01_AXI_inst/axi_awready_i_1__0_n_0                                                                            |                1 |              8 |
|  system_i/processing_system7_0/inst/FCLK_CLK0_BUFG | system_i/mpu_data_0/U0/mpu_data_v1_0_S01_AXI_inst/p_1_in[23]                                                                                                 | system_i/mpu_data_0/U0/mpu_data_v1_0_S01_AXI_inst/axi_awready_i_1__0_n_0                                                                            |                1 |              8 |
|  system_i/processing_system7_0/inst/FCLK_CLK0_BUFG | system_i/mpu_data_0/U0/mpu_data_v1_0_S01_AXI_inst/p_1_in[7]                                                                                                  | system_i/mpu_data_0/U0/mpu_data_v1_0_S01_AXI_inst/axi_awready_i_1__0_n_0                                                                            |                2 |              8 |
|  system_i/processing_system7_0/inst/FCLK_CLK0_BUFG | system_i/mpu_data_0/U0/mpu_data_v1_0_S01_AXI_inst/slv_reg2[23]_i_1__0_n_0                                                                                    | system_i/mpu_data_0/U0/mpu_data_v1_0_S01_AXI_inst/axi_awready_i_1__0_n_0                                                                            |                1 |              8 |
|  system_i/processing_system7_0/inst/FCLK_CLK0_BUFG | system_i/mpu_data_0/U0/mpu_data_v1_0_S01_AXI_inst/slv_reg2[7]_i_1__0_n_0                                                                                     | system_i/mpu_data_0/U0/mpu_data_v1_0_S01_AXI_inst/axi_awready_i_1__0_n_0                                                                            |                2 |              8 |
|  system_i/processing_system7_0/inst/FCLK_CLK0_BUFG | system_i/mpu_data_0/U0/mpu_data_v1_0_S01_AXI_inst/slv_reg2[15]_i_1__0_n_0                                                                                    | system_i/mpu_data_0/U0/mpu_data_v1_0_S01_AXI_inst/axi_awready_i_1__0_n_0                                                                            |                1 |              8 |
|  system_i/processing_system7_0/inst/FCLK_CLK0_BUFG | system_i/mpu_data_0/U0/mpu_data_v1_0_S02_AXI_inst/p_1_in[15]                                                                                                 | system_i/mpu_data_0/U0/mpu_data_v1_0_S02_AXI_inst/axi_awready_i_1__1_n_0                                                                            |                1 |              8 |
|  system_i/processing_system7_0/inst/FCLK_CLK0_BUFG | system_i/mpu_data_0/U0/mpu_data_v1_0_S02_AXI_inst/p_1_in[23]                                                                                                 | system_i/mpu_data_0/U0/mpu_data_v1_0_S02_AXI_inst/axi_awready_i_1__1_n_0                                                                            |                1 |              8 |
|  system_i/processing_system7_0/inst/FCLK_CLK0_BUFG | system_i/mpu_data_0/U0/mpu_data_v1_0_S02_AXI_inst/slv_reg0[15]_i_1__1_n_0                                                                                    | system_i/mpu_data_0/U0/mpu_data_v1_0_S02_AXI_inst/axi_awready_i_1__1_n_0                                                                            |                1 |              8 |
|  system_i/processing_system7_0/inst/FCLK_CLK0_BUFG | system_i/mpu_data_0/U0/mpu_data_v1_0_S02_AXI_inst/slv_reg0[23]_i_1__1_n_0                                                                                    | system_i/mpu_data_0/U0/mpu_data_v1_0_S02_AXI_inst/axi_awready_i_1__1_n_0                                                                            |                2 |              8 |
|  system_i/processing_system7_0/inst/FCLK_CLK0_BUFG | system_i/mpu_data_0/U0/mpu_data_v1_0_S02_AXI_inst/slv_reg2[15]_i_1__1_n_0                                                                                    | system_i/mpu_data_0/U0/mpu_data_v1_0_S02_AXI_inst/axi_awready_i_1__1_n_0                                                                            |                2 |              8 |
|  system_i/processing_system7_0/inst/FCLK_CLK0_BUFG | system_i/mpu_data_0/U0/mpu_data_v1_0_S02_AXI_inst/slv_reg2[7]_i_1__1_n_0                                                                                     | system_i/mpu_data_0/U0/mpu_data_v1_0_S02_AXI_inst/axi_awready_i_1__1_n_0                                                                            |                1 |              8 |
|  system_i/processing_system7_0/inst/FCLK_CLK0_BUFG | system_i/mpu_data_0/U0/mpu_data_v1_0_S02_AXI_inst/slv_reg2[31]_i_1__1_n_0                                                                                    | system_i/mpu_data_0/U0/mpu_data_v1_0_S02_AXI_inst/axi_awready_i_1__1_n_0                                                                            |                1 |              8 |
|  system_i/processing_system7_0/inst/FCLK_CLK0_BUFG | system_i/mpu_data_0/U0/mpu_data_v1_0_S02_AXI_inst/slv_reg0[7]_i_1__1_n_0                                                                                     | system_i/mpu_data_0/U0/mpu_data_v1_0_S02_AXI_inst/axi_awready_i_1__1_n_0                                                                            |                4 |              8 |
|  system_i/processing_system7_0/inst/FCLK_CLK0_BUFG | system_i/mpu_data_0/U0/mpu_data_v1_0_S02_AXI_inst/slv_reg2[23]_i_1__1_n_0                                                                                    | system_i/mpu_data_0/U0/mpu_data_v1_0_S02_AXI_inst/axi_awready_i_1__1_n_0                                                                            |                1 |              8 |
|  system_i/processing_system7_0/inst/FCLK_CLK0_BUFG | system_i/mpu_data_0/U0/mpu_data_v1_0_S02_AXI_inst/p_1_in[7]                                                                                                  | system_i/mpu_data_0/U0/mpu_data_v1_0_S02_AXI_inst/axi_awready_i_1__1_n_0                                                                            |                2 |              8 |
|  system_i/processing_system7_0/inst/FCLK_CLK0_BUFG | system_i/mpu_data_0/U0/mpu_data_v1_0_S02_AXI_inst/p_1_in[31]                                                                                                 | system_i/mpu_data_0/U0/mpu_data_v1_0_S02_AXI_inst/axi_awready_i_1__1_n_0                                                                            |                1 |              8 |
|  system_i/processing_system7_0/inst/FCLK_CLK0_BUFG |                                                                                                                                                              | system_i/ps7_0_axi_periph/s00_couplers/auto_pc/inst/gen_axilite.gen_b2s_conv.axilite_b2s/areset_d1                                                  |                4 |             10 |
|  system_i/processing_system7_0/inst/FCLK_CLK0_BUFG |                                                                                                                                                              | system_i/mpu_data_0/U0/mpu_data_v1_0_S02_AXI_inst/axi_awready_i_1__1_n_0                                                                            |                4 |             10 |
|  system_i/processing_system7_0/inst/FCLK_CLK0_BUFG |                                                                                                                                                              | system_i/mpu_data_0/U0/mpu_data_v1_0_S01_AXI_inst/axi_awready_i_1__0_n_0                                                                            |                3 |             10 |
|  system_i/processing_system7_0/inst/FCLK_CLK0_BUFG |                                                                                                                                                              | system_i/mpu_data_0/U0/mpu_data_v1_0_S00_AXI_inst/axi_awready_i_1_n_0                                                                               |                4 |             10 |
|  system_i/processing_system7_0/inst/FCLK_CLK0_BUFG |                                                                                                                                                              | system_i/mpu_data_0/U0/mpu_data_v1_0_S04_AXI_inst/axi_awready_i_1__3_n_0                                                                            |                4 |             10 |
|  system_i/processing_system7_0/inst/FCLK_CLK0_BUFG |                                                                                                                                                              | system_i/mpu_data_0/U0/mpu_data_v1_0_S03_AXI_inst/axi_awready_i_1__2_n_0                                                                            |                3 |             10 |
|  system_i/processing_system7_0/inst/FCLK_CLK0_BUFG |                                                                                                                                                              | system_i/mpu_data_0/U0/mpu_data_v1_0_S05_AXI_inst/axi_awready_i_1__4_n_0                                                                            |                4 |             10 |
|  system_i/processing_system7_0/inst/FCLK_CLK0_BUFG | system_i/ps7_0_axi_periph/s00_couplers/auto_pc/inst/gen_axilite.gen_b2s_conv.axilite_b2s/RD.ar_channel_0/ar_cmd_fsm_0/m_valid_i_reg                          |                                                                                                                                                     |                5 |             13 |
|  system_i/processing_system7_0/inst/FCLK_CLK0_BUFG | system_i/ps7_0_axi_periph/s00_couplers/auto_pc/inst/gen_axilite.gen_b2s_conv.axilite_b2s/RD.r_channel_0/r_push_r                                             |                                                                                                                                                     |                4 |             13 |
|  system_i/processing_system7_0/inst/FCLK_CLK0_BUFG |                                                                                                                                                              | system_i/ps7_0_axi_periph/xbar/inst/gen_sasd.crossbar_sasd_0/addr_arbiter_inst/SR[0]                                                                |                4 |             14 |
|  system_i/processing_system7_0/inst/FCLK_CLK0_BUFG | system_i/ps7_0_axi_periph/s00_couplers/auto_pc/inst/gen_axilite.gen_b2s_conv.axilite_b2s/SI_REG/b.b_pipe/s_ready_i_reg_0                                     |                                                                                                                                                     |                2 |             14 |
|  system_i/processing_system7_0/inst/FCLK_CLK0_BUFG | system_i/ps7_0_axi_periph/s00_couplers/auto_pc/inst/gen_axilite.gen_b2s_conv.axilite_b2s/SI_REG/b.b_pipe/p_1_in                                              |                                                                                                                                                     |                2 |             14 |
|  system_i/processing_system7_0/inst/FCLK_CLK0_BUFG | system_i/ps7_0_axi_periph/s00_couplers/auto_pc/inst/gen_axilite.gen_b2s_conv.axilite_b2s/WR.aw_channel_0/aw_cmd_fsm_0/b_push                                 |                                                                                                                                                     |                3 |             16 |
|  system_i/processing_system7_0/inst/FCLK_CLK0_BUFG | system_i/ps7_0_axi_periph/s00_couplers/auto_pc/inst/gen_axilite.gen_b2s_conv.axilite_b2s/WR.aw_channel_0/aw_cmd_fsm_0/m_axi_awready_1                        |                                                                                                                                                     |                8 |             17 |
|  system_i/processing_system7_0/inst/FCLK_CLK0_BUFG | system_i/ps7_0_axi_periph/xbar/inst/gen_sasd.crossbar_sasd_0/addr_arbiter_inst/p_0_in1_in                                                                    | system_i/ps7_0_axi_periph/xbar/inst/gen_sasd.crossbar_sasd_0/addr_arbiter_inst/SR[0]                                                                |                7 |             18 |
|  MCLK_IBUF_BUFG                                    |                                                                                                                                                              | RESET_IBUF                                                                                                                                          |               17 |             30 |
|  system_i/processing_system7_0/inst/FCLK_CLK0_BUFG | system_i/mpu_data_0/U0/mpu_data_v1_0_S01_AXI_inst/slv_reg_rden                                                                                               | system_i/mpu_data_0/U0/mpu_data_v1_0_S01_AXI_inst/axi_awready_i_1__0_n_0                                                                            |               10 |             32 |
|  system_i/processing_system7_0/inst/FCLK_CLK0_BUFG | system_i/mpu_data_0/U0/mpu_data_v1_0_S00_AXI_inst/slv_reg_rden                                                                                               | system_i/mpu_data_0/U0/mpu_data_v1_0_S00_AXI_inst/axi_awready_i_1_n_0                                                                               |               14 |             32 |
|  system_i/processing_system7_0/inst/FCLK_CLK0_BUFG | system_i/mpu_data_0/U0/mpu_data_v1_0_S02_AXI_inst/slv_reg_rden                                                                                               | system_i/mpu_data_0/U0/mpu_data_v1_0_S02_AXI_inst/axi_awready_i_1__1_n_0                                                                            |               13 |             32 |
|  system_i/processing_system7_0/inst/FCLK_CLK0_BUFG | system_i/mpu_data_0/U0/mpu_data_v1_0_S05_AXI_inst/slv_reg_rden                                                                                               | system_i/mpu_data_0/U0/mpu_data_v1_0_S05_AXI_inst/axi_awready_i_1__4_n_0                                                                            |               13 |             32 |
|  system_i/processing_system7_0/inst/FCLK_CLK0_BUFG | system_i/mpu_data_0/U0/mpu_data_v1_0_S04_AXI_inst/slv_reg_rden                                                                                               | system_i/mpu_data_0/U0/mpu_data_v1_0_S04_AXI_inst/axi_awready_i_1__3_n_0                                                                            |               12 |             32 |
|  system_i/processing_system7_0/inst/FCLK_CLK0_BUFG | system_i/mpu_data_0/U0/mpu_data_v1_0_S03_AXI_inst/slv_reg_rden                                                                                               | system_i/mpu_data_0/U0/mpu_data_v1_0_S03_AXI_inst/axi_awready_i_1__2_n_0                                                                            |               13 |             32 |
|  system_i/processing_system7_0/inst/FCLK_CLK0_BUFG | system_i/ps7_0_axi_periph/s00_couplers/auto_pc/inst/gen_axilite.gen_b2s_conv.axilite_b2s/RD.r_channel_0/rd_data_fifo_0/wr_en0                                |                                                                                                                                                     |                9 |             34 |
|  system_i/processing_system7_0/inst/FCLK_CLK0_BUFG | system_i/ps7_0_axi_periph/xbar/inst/gen_sasd.crossbar_sasd_0/addr_arbiter_inst/E[0]                                                                          |                                                                                                                                                     |                8 |             35 |
|  system_i/processing_system7_0/inst/FCLK_CLK0_BUFG | system_i/ps7_0_axi_periph/s00_couplers/auto_pc/inst/gen_axilite.gen_b2s_conv.axilite_b2s/WR.aw_channel_0/aw_cmd_fsm_0/m_valid_i_reg[0]                       |                                                                                                                                                     |                7 |             43 |
|  system_i/processing_system7_0/inst/FCLK_CLK0_BUFG | system_i/ps7_0_axi_periph/s00_couplers/auto_pc/inst/gen_axilite.gen_b2s_conv.axilite_b2s/RD.ar_channel_0/ar_cmd_fsm_0/FSM_sequential_state_reg[1]_0[0]       |                                                                                                                                                     |                8 |             43 |
|  system_i/processing_system7_0/inst/FCLK_CLK0_BUFG | system_i/ps7_0_axi_periph/s00_couplers/auto_pc/inst/gen_axilite.gen_b2s_conv.axilite_b2s/SI_REG/ar.ar_pipe/s_ready_i_reg_0                                   |                                                                                                                                                     |               12 |             43 |
|  system_i/processing_system7_0/inst/FCLK_CLK0_BUFG | system_i/ps7_0_axi_periph/s00_couplers/auto_pc/inst/gen_axilite.gen_b2s_conv.axilite_b2s/SI_REG/aw.aw_pipe/s_ready_i_reg_0                                   |                                                                                                                                                     |               11 |             43 |
|  system_i/processing_system7_0/inst/FCLK_CLK0_BUFG | system_i/ps7_0_axi_periph/s00_couplers/auto_pc/inst/gen_axilite.gen_b2s_conv.axilite_b2s/SI_REG/r.r_pipe/p_1_in                                              |                                                                                                                                                     |                9 |             47 |
|  system_i/processing_system7_0/inst/FCLK_CLK0_BUFG | system_i/ps7_0_axi_periph/s00_couplers/auto_pc/inst/gen_axilite.gen_b2s_conv.axilite_b2s/SI_REG/r.r_pipe/s_ready_i_reg_0                                     |                                                                                                                                                     |               10 |             47 |
|  system_i/processing_system7_0/inst/FCLK_CLK0_BUFG |                                                                                                                                                              |                                                                                                                                                     |               58 |            161 |
+----------------------------------------------------+--------------------------------------------------------------------------------------------------------------------------------------------------------------+-----------------------------------------------------------------------------------------------------------------------------------------------------+------------------+----------------+


