#-----------------------------------------------------------
# Webtalk v2018.3 (64-bit)
# SW Build 2405991 on Thu Dec  6 23:38:27 MST 2018
# 
# Start of session at: Thu Jun  6 20:41:34 2019
# Process ID: 12552
# Current directory: D:/UTFPR/TCC/PS_PL_COM/PS_PL_COM.sdk/webtalk
# Command line: wbtcv.exe -mode batch -source sdk_webtalk.tcl
# Log file: D:/UTFPR/TCC/PS_PL_COM/PS_PL_COM.sdk/webtalk/webtalk.log
# Journal file: D:/UTFPR/TCC/PS_PL_COM/PS_PL_COM.sdk/webtalk\webtalk.jou
#-----------------------------------------------------------
source sdk_webtalk.tcl
# webtalk_init -webtalk_dir D:\\UTFPR\\TCC\\PS_PL_COM\\PS_PL_COM.sdk\\webtalk
# webtalk_register_client -client project
# webtalk_add_data -client project -key date_generated -value "2019-06-06 20:41:31" -context "software_version_and_target_device"
# webtalk_add_data -client project -key product_version -value "SDK v2018.3" -context "software_version_and_target_device"
# webtalk_add_data -client project -key build_version -value "2018.3" -context "software_version_and_target_device"
# webtalk_add_data -client project -key os_platform -value "amd64" -context "software_version_and_target_device"
# webtalk_add_data -client project -key registration_id -value "" -context "software_version_and_target_device"
# webtalk_add_data -client project -key tool_flow -value "SDK" -context "software_version_and_target_device"
# webtalk_add_data -client project -key beta -value "false" -context "software_version_and_target_device"
# webtalk_add_data -client project -key route_design -value "NA" -context "software_version_and_target_device"
# webtalk_add_data -client project -key target_family -value "NA" -context "software_version_and_target_device"
# webtalk_add_data -client project -key target_device -value "NA" -context "software_version_and_target_device"
# webtalk_add_data -client project -key target_package -value "NA" -context "software_version_and_target_device"
# webtalk_add_data -client project -key target_speed -value "NA" -context "software_version_and_target_device"
# webtalk_add_data -client project -key random_id -value "5si9fc01i35g5fre82gagau5eh" -context "software_version_and_target_device"
# webtalk_add_data -client project -key project_id -value "2018.3_8" -context "software_version_and_target_device"
# webtalk_add_data -client project -key project_iteration -value "8" -context "software_version_and_target_device"
# webtalk_add_data -client project -key os_name -value "Microsoft Windows 8 or later , 64-bit" -context "user_environment"
# webtalk_add_data -client project -key os_release -value "major release  (build 9200)" -context "user_environment"
# webtalk_add_data -client project -key cpu_name -value "Intel(R) Core(TM) i5-4200U CPU @ 1.60GHz" -context "user_environment"
# webtalk_add_data -client project -key cpu_speed -value "2295 MHz" -context "user_environment"
# webtalk_add_data -client project -key total_processors -value "1" -context "user_environment"
# webtalk_add_data -client project -key system_ram -value "8.517 GB" -context "user_environment"
# webtalk_register_client -client sdk
# webtalk_add_data -client sdk -key uid -value "1559859990560" -context "sdk\\\\bsp/1559859990560"
# webtalk_add_data -client sdk -key hwid -value "1559852959222" -context "sdk\\\\bsp/1559859990560"
# webtalk_add_data -client sdk -key os -value "standalone" -context "sdk\\\\bsp/1559859990560"
# webtalk_add_data -client sdk -key apptemplate -value "null" -context "sdk\\\\bsp/1559859990560"
# webtalk_add_data -client sdk -key RecordType -value "BSPCreation" -context "sdk\\\\bsp/1559859990560"
# webtalk_add_data -client sdk -key uid -value "1559860121661" -context "sdk\\\\bsp/1559860121661"
# webtalk_add_data -client sdk -key hwid -value "1559852959222" -context "sdk\\\\bsp/1559860121661"
# webtalk_add_data -client sdk -key os -value "standalone" -context "sdk\\\\bsp/1559860121661"
# webtalk_add_data -client sdk -key apptemplate -value "null" -context "sdk\\\\bsp/1559860121661"
# webtalk_add_data -client sdk -key RecordType -value "BSPCreation" -context "sdk\\\\bsp/1559860121661"
# webtalk_add_data -client sdk -key uid -value "NA" -context "sdk\\\\bsp/1559864491709"
# webtalk_add_data -client sdk -key RecordType -value "ToolUsage" -context "sdk\\\\bsp/1559864491709"
# webtalk_add_data -client sdk -key BootgenCount -value "0" -context "sdk\\\\bsp/1559864491709"
# webtalk_add_data -client sdk -key DebugCount -value "0" -context "sdk\\\\bsp/1559864491709"
# webtalk_add_data -client sdk -key PerfCount -value "0" -context "sdk\\\\bsp/1559864491709"
# webtalk_add_data -client sdk -key FlashCount -value "0" -context "sdk\\\\bsp/1559864491709"
# webtalk_add_data -client sdk -key CrossTriggCount -value "0" -context "sdk\\\\bsp/1559864491709"
# webtalk_add_data -client sdk -key QemuDebugCount -value "0" -context "sdk\\\\bsp/1559864491709"
# webtalk_transmit -clientid 2298737072 -regid "" -xml D:\\UTFPR\\TCC\\PS_PL_COM\\PS_PL_COM.sdk\\webtalk\\usage_statistics_ext_sdk.xml -html D:\\UTFPR\\TCC\\PS_PL_COM\\PS_PL_COM.sdk\\webtalk\\usage_statistics_ext_sdk.html -wdm D:\\UTFPR\\TCC\\PS_PL_COM\\PS_PL_COM.sdk\\webtalk\\sdk_webtalk.wdm -intro "<H3>SDK Usage Report</H3><BR>"
INFO: [Common 17-186] 'D:\UTFPR\TCC\PS_PL_COM\PS_PL_COM.sdk\webtalk\usage_statistics_ext_sdk.xml' has been successfully sent to Xilinx on Thu Jun  6 20:41:44 2019. For additional details about this file, please refer to the WebTalk help file at F:/xilinx/SDK/2018.3/doc/webtalk_introduction.html.
# webtalk_terminate
INFO: [Common 17-206] Exiting Webtalk at Thu Jun  6 20:41:44 2019...
